  VisualGDB: Run "C:\cygwin64\bin\make.exe " in directory "D:\experimental2\learners\C50p2n\C50\.." on local computer
  echo gcc -g -ffloat-store
  gcc -g -ffloat-store
  make -C cpp_wrapper
  make[1]: Entering directory '/cygdrive/d/experimental2/learners/C50p2n/cpp_wrapper'
  make[1]: Nothing to be done for 'all'.
  make[1]: Leaving directory '/cygdrive/d/experimental2/learners/C50p2n/cpp_wrapper'
  make c5.0dbg.exe
  make[1]: Entering directory '/cygdrive/d/experimental2/learners/C50p2n'
  make[1]: 'c5.0dbg.exe' is up to date.
  make[1]: Leaving directory '/cygdrive/d/experimental2/learners/C50p2n'
  # make c5.0dbg c5.0.dt_penalty c5.0.dt_entropy
  gcc -g -ffloat-store  -static-libgcc -static-libstdc++ -o report report.c -lm
  report.c: In function â?~mainâ?T:
D:\experimental2\learners\C50p2n\C50\..\report.c(78,7): warning : implicit declaration of function â?~isdigitâ?T [-Wimplicit-function-declaration]
    if ( isdigit(*p) )
         ^~~~~~~
D:\experimental2\learners\C50p2n\C50\..\report.c(89,12): warning : implicit declaration of function â?~memcmpâ?T [-Wimplicit-function-declaration]
       if ( ! memcmp(Line, "boost", 5) )
              ^~~~~~
